<?xml version="1.0" encoding="UTF-8"?>
<testsuite name="com.kodilla.stream.world.WorldTestSuite" tests="3" skipped="0" failures="0" errors="0" timestamp="2017-10-24T14:39:11" hostname="DESKTOP-ID1E296" time="0.0">
  <properties/>
  <testcase name="getPeoplesQuantity0PeopleTestCase" classname="com.kodilla.stream.world.WorldTestSuite" time="0.0"/>
  <testcase name="getPeoplesQuantity20PeopleByCountryTestCase" classname="com.kodilla.stream.world.WorldTestSuite" time="0.0"/>
  <testcase name="getPeoplesQuantityManyCountriesTestCase" classname="com.kodilla.stream.world.WorldTestSuite" time="0.0"/>
  <system-out><![CDATA[]]></system-out>
  <system-err><![CDATA[]]></system-err>
</testsuite>
