<?xml version="1.0" encoding="UTF-8"?>
<testsuite name="com.kodilla.spring.library.LibraryTestSuite" tests="2" skipped="0" failures="0" errors="0" timestamp="2017-11-14T17:34:14" hostname="Karols-MacBook-Pro.local" time="0.488">
  <properties/>
  <testcase name="testSaveToDb" classname="com.kodilla.spring.library.LibraryTestSuite" time="0.294"/>
  <testcase name="testLoadFromDb" classname="com.kodilla.spring.library.LibraryTestSuite" time="0.193"/>
  <system-out><![CDATA[2017-11-14 18:34:14.809  INFO 652 --- [    Test worker] .b.t.c.SpringBootTestContextBootstrapper : Neither @ContextConfiguration nor @ContextHierarchy found for test class [com.kodilla.spring.library.LibraryTestSuite], using SpringBootContextLoader
2017-11-14 18:34:14.810  INFO 652 --- [    Test worker] o.s.t.c.support.AbstractContextLoader    : Could not detect default resource locations for test class [com.kodilla.spring.library.LibraryTestSuite]: no resource found for suffixes {-context.xml, Context.groovy}.
2017-11-14 18:34:14.810  INFO 652 --- [    Test worker] t.c.s.AnnotationConfigContextLoaderUtils : Could not detect default configuration classes for test class [com.kodilla.spring.library.LibraryTestSuite]: LibraryTestSuite does not declare any static, non-private, non-final, nested classes annotated with @Configuration.
2017-11-14 18:34:14.818  INFO 652 --- [    Test worker] .b.t.c.SpringBootTestContextBootstrapper : Found @SpringBootConfiguration com.kodilla.spring.SpringRunner for test class com.kodilla.spring.library.LibraryTestSuite
2017-11-14 18:34:14.822  INFO 652 --- [    Test worker] .b.t.c.SpringBootTestContextBootstrapper : Loaded default TestExecutionListener class names from location [META-INF/spring.factories]: [org.springframework.boot.test.autoconfigure.restdocs.RestDocsTestExecutionListener, org.springframework.boot.test.autoconfigure.web.client.MockRestServiceServerResetTestExecutionListener, org.springframework.boot.test.autoconfigure.web.servlet.MockMvcPrintOnlyOnFailureTestExecutionListener, org.springframework.boot.test.autoconfigure.web.servlet.WebDriverTestExecutionListener, org.springframework.boot.test.mock.mockito.MockitoTestExecutionListener, org.springframework.boot.test.mock.mockito.ResetMocksTestExecutionListener, org.springframework.test.context.web.ServletTestExecutionListener, org.springframework.test.context.support.DirtiesContextBeforeModesTestExecutionListener, org.springframework.test.context.support.DependencyInjectionTestExecutionListener, org.springframework.test.context.support.DirtiesContextTestExecutionListener, org.springframework.test.context.transaction.TransactionalTestExecutionListener, org.springframework.test.context.jdbc.SqlScriptsTestExecutionListener]
2017-11-14 18:34:14.825  INFO 652 --- [    Test worker] .b.t.c.SpringBootTestContextBootstrapper : Could not instantiate TestExecutionListener [org.springframework.test.context.web.ServletTestExecutionListener]. Specify custom listener classes or make the default listener classes (and their required dependencies) available. Offending class: [javax/servlet/ServletContext]
2017-11-14 18:34:14.825  INFO 652 --- [    Test worker] .b.t.c.SpringBootTestContextBootstrapper : Could not instantiate TestExecutionListener [org.springframework.test.context.transaction.TransactionalTestExecutionListener]. Specify custom listener classes or make the default listener classes (and their required dependencies) available. Offending class: [org/springframework/transaction/interceptor/TransactionAttributeSource]
2017-11-14 18:34:14.826  INFO 652 --- [    Test worker] .b.t.c.SpringBootTestContextBootstrapper : Could not instantiate TestExecutionListener [org.springframework.test.context.jdbc.SqlScriptsTestExecutionListener]. Specify custom listener classes or make the default listener classes (and their required dependencies) available. Offending class: [org/springframework/transaction/interceptor/TransactionAttribute]
2017-11-14 18:34:14.826  INFO 652 --- [    Test worker] .b.t.c.SpringBootTestContextBootstrapper : Using TestExecutionListeners: [org.springframework.test.context.support.DirtiesContextBeforeModesTestExecutionListener@1ef027b5, org.springframework.boot.test.autoconfigure.SpringBootDependencyInjectionTestExecutionListener@2a263db4, org.springframework.test.context.support.DirtiesContextTestExecutionListener@4e8d6bb7, org.springframework.boot.test.mock.mockito.ResetMocksTestExecutionListener@2bf54477, org.springframework.boot.test.autoconfigure.web.client.MockRestServiceServerResetTestExecutionListener@34271333, org.springframework.boot.test.autoconfigure.web.servlet.MockMvcPrintOnlyOnFailureTestExecutionListener@2ff7539e, org.springframework.boot.test.autoconfigure.web.servlet.WebDriverTestExecutionListener@a824504, org.springframework.boot.test.autoconfigure.restdocs.RestDocsTestExecutionListener@b556edf, org.springframework.boot.test.mock.mockito.MockitoTestExecutionListener@7675a0d]
2017-11-14 18:34:14.836  INFO 652 --- [    Test worker] s.c.a.AnnotationConfigApplicationContext : Refreshing org.springframework.context.annotation.AnnotationConfigApplicationContext@17227b98: startup date [Tue Nov 14 18:34:14 CET 2017]; root of context hierarchy
2017-11-14 18:34:15.120  INFO 652 --- [    Test worker] o.s.j.e.a.AnnotationMBeanExporter        : Registering beans for JMX exposure on startup
Saving data to the database.
2017-11-14 18:34:15.135  INFO 652 --- [    Test worker] s.c.a.AnnotationConfigApplicationContext : Refreshing org.springframework.context.annotation.AnnotationConfigApplicationContext@3030ed46: startup date [Tue Nov 14 18:34:15 CET 2017]; root of context hierarchy
2017-11-14 18:34:15.307  INFO 652 --- [    Test worker] o.s.j.e.a.AnnotationMBeanExporter        : Registering beans for JMX exposure on startup
Loading data from the database
]]></system-out>
  <system-err><![CDATA[]]></system-err>
</testsuite>
