<?xml version="1.0" encoding="UTF-8"?>
<testsuite name="com.kodilla.testing.collection.CollectionTestSuite" tests="2" skipped="0" failures="0" errors="0" timestamp="2017-11-05T22:14:27" hostname="Karols-MacBook-Pro.local" time="0.003">
  <properties/>
  <testcase name="testOddNumbersExterminatorEmptyList" classname="com.kodilla.testing.collection.CollectionTestSuite" time="0.002"/>
  <testcase name="testOddNumbersExterminatorNormalList" classname="com.kodilla.testing.collection.CollectionTestSuite" time="0.0"/>
  <system-out><![CDATA[Collection Test Suite starting!
Collection test case starting!
Collection test case ending!
Collection test case starting!
Collection test case ending!
Collection Test Suite ending!
]]></system-out>
  <system-err><![CDATA[]]></system-err>
</testsuite>
