<?xml version="1.0" encoding="UTF-8"?>
<testsuite name="com.kodilla.patterns.singleton.LoggerTestSuite" tests="1" skipped="0" failures="0" errors="0" timestamp="2017-12-02T22:29:33" hostname="Karols-MacBook-Pro.local" time="0.001">
  <properties/>
  <testcase name="testLastLog" classname="com.kodilla.patterns.singleton.LoggerTestSuite" time="0.001"/>
  <system-out><![CDATA[Log: [log]
]]></system-out>
  <system-err><![CDATA[]]></system-err>
</testsuite>
